affablebean-spring-tutorial-master/dminconsolecontroller erro SQLcom.mysql.jdbc.exceptions.jdbc4.MySQLIntegrityConstraintViolationException: Column 'nameMethod' cannot be null
affablebean-spring-tutorial-master/dminconsolecontroller erro SQLcom.mysql.jdbc.exceptions.jdbc4.MySQLNonTransientConnectionException: Can't call rollback when autocommit=true
affablebean-spring-tutorial-master/frontstorecontroller erro SQLcom.mysql.jdbc.exceptions.jdbc4.MySQLIntegrityConstraintViolationException: Column 'nameMethod' cannot be null
affablebean-spring-tutorial-master/frontstorecontroller erro SQLcom.mysql.jdbc.exceptions.jdbc4.MySQLNonTransientConnectionException: Can't call rollback when autocommit=true
affablebean-spring-tutorial-master/ctegory erro SQLcom.mysql.jdbc.exceptions.jdbc4.MySQLIntegrityConstraintViolationException: Column 'nameMethod' cannot be null
affablebean-spring-tutorial-master/ctegory erro SQLcom.mysql.jdbc.exceptions.jdbc4.MySQLNonTransientConnectionException: Can't call rollback when autocommit=true
affablebean-spring-tutorial-master/customer erro SQLcom.mysql.jdbc.exceptions.jdbc4.MySQLIntegrityConstraintViolationException: Column 'nameMethod' cannot be null
affablebean-spring-tutorial-master/customer erro SQLcom.mysql.jdbc.exceptions.jdbc4.MySQLNonTransientConnectionException: Can't call rollback when autocommit=true
affablebean-spring-tutorial-master/customerorder erro SQLcom.mysql.jdbc.exceptions.jdbc4.MySQLIntegrityConstraintViolationException: Column 'nameMethod' cannot be null
affablebean-spring-tutorial-master/customerorder erro SQLcom.mysql.jdbc.exceptions.jdbc4.MySQLNonTransientConnectionException: Can't call rollback when autocommit=true
affablebean-spring-tutorial-master/member erro SQLcom.mysql.jdbc.exceptions.jdbc4.MySQLIntegrityConstraintViolationException: Column 'nameMethod' cannot be null
affablebean-spring-tutorial-master/member erro SQLcom.mysql.jdbc.exceptions.jdbc4.MySQLNonTransientConnectionException: Can't call rollback when autocommit=true
affablebean-spring-tutorial-master/orderedproduct erro SQLcom.mysql.jdbc.exceptions.jdbc4.MySQLIntegrityConstraintViolationException: Column 'nameMethod' cannot be null
affablebean-spring-tutorial-master/orderedproduct erro SQLcom.mysql.jdbc.exceptions.jdbc4.MySQLNonTransientConnectionException: Can't call rollback when autocommit=true
affablebean-spring-tutorial-master/orderedproductid erro SQLcom.mysql.jdbc.exceptions.jdbc4.MySQLIntegrityConstraintViolationException: Column 'nameMethod' cannot be null
affablebean-spring-tutorial-master/orderedproductid erro SQLcom.mysql.jdbc.exceptions.jdbc4.MySQLNonTransientConnectionException: Can't call rollback when autocommit=true
affablebean-spring-tutorial-master/product erro SQLcom.mysql.jdbc.exceptions.jdbc4.MySQLIntegrityConstraintViolationException: Column 'nameMethod' cannot be null
affablebean-spring-tutorial-master/product erro SQLcom.mysql.jdbc.exceptions.jdbc4.MySQLNonTransientConnectionException: Can't call rollback when autocommit=true
affablebean-spring-tutorial-master/role erro SQLcom.mysql.jdbc.exceptions.jdbc4.MySQLIntegrityConstraintViolationException: Column 'nameMethod' cannot be null
affablebean-spring-tutorial-master/role erro SQLcom.mysql.jdbc.exceptions.jdbc4.MySQLNonTransientConnectionException: Can't call rollback when autocommit=true
affablebean-spring-tutorial-master/ctegorydo erro SQLcom.mysql.jdbc.exceptions.jdbc4.MySQLIntegrityConstraintViolationException: Column 'nameMethod' cannot be null
affablebean-spring-tutorial-master/ctegorydo erro SQLcom.mysql.jdbc.exceptions.jdbc4.MySQLNonTransientConnectionException: Can't call rollback when autocommit=true
affablebean-spring-tutorial-master/customerdo erro SQLcom.mysql.jdbc.exceptions.jdbc4.MySQLIntegrityConstraintViolationException: Column 'nameMethod' cannot be null
affablebean-spring-tutorial-master/customerdo erro SQLcom.mysql.jdbc.exceptions.jdbc4.MySQLNonTransientConnectionException: Can't call rollback when autocommit=true
affablebean-spring-tutorial-master/memberdo erro SQLcom.mysql.jdbc.exceptions.jdbc4.MySQLIntegrityConstraintViolationException: Column 'nameMethod' cannot be null
affablebean-spring-tutorial-master/memberdo erro SQLcom.mysql.jdbc.exceptions.jdbc4.MySQLNonTransientConnectionException: Can't call rollback when autocommit=true
affablebean-spring-tutorial-master/orderdo erro SQLcom.mysql.jdbc.exceptions.jdbc4.MySQLIntegrityConstraintViolationException: Column 'nameMethod' cannot be null
affablebean-spring-tutorial-master/orderdo erro SQLcom.mysql.jdbc.exceptions.jdbc4.MySQLNonTransientConnectionException: Can't call rollback when autocommit=true
affablebean-spring-tutorial-master/orderedproductdo erro SQLcom.mysql.jdbc.exceptions.jdbc4.MySQLIntegrityConstraintViolationException: Column 'nameMethod' cannot be null
affablebean-spring-tutorial-master/orderedproductdo erro SQLcom.mysql.jdbc.exceptions.jdbc4.MySQLNonTransientConnectionException: Can't call rollback when autocommit=true
affablebean-spring-tutorial-master/productdo erro SQLcom.mysql.jdbc.exceptions.jdbc4.MySQLIntegrityConstraintViolationException: Column 'nameMethod' cannot be null
affablebean-spring-tutorial-master/productdo erro SQLcom.mysql.jdbc.exceptions.jdbc4.MySQLNonTransientConnectionException: Can't call rollback when autocommit=true
affablebean-spring-tutorial-master/ctegoryserice erro SQLcom.mysql.jdbc.exceptions.jdbc4.MySQLIntegrityConstraintViolationException: Column 'nameMethod' cannot be null
affablebean-spring-tutorial-master/ctegoryserice erro SQLcom.mysql.jdbc.exceptions.jdbc4.MySQLNonTransientConnectionException: Can't call rollback when autocommit=true
affablebean-spring-tutorial-master/customerserice erro SQLcom.mysql.jdbc.exceptions.jdbc4.MySQLIntegrityConstraintViolationException: Column 'nameMethod' cannot be null
affablebean-spring-tutorial-master/customerserice erro SQLcom.mysql.jdbc.exceptions.jdbc4.MySQLNonTransientConnectionException: Can't call rollback when autocommit=true
affablebean-spring-tutorial-master/customuserdetilsserice erro SQLcom.mysql.jdbc.exceptions.jdbc4.MySQLIntegrityConstraintViolationException: Column 'nameMethod' cannot be null
affablebean-spring-tutorial-master/customuserdetilsserice erro SQLcom.mysql.jdbc.exceptions.jdbc4.MySQLNonTransientConnectionException: Can't call rollback when autocommit=true
null/null erro SQLcom.mysql.jdbc.exceptions.jdbc4.MySQLIntegrityConstraintViolationException: Column 'nameClass' cannot be null
null/null erro SQLcom.mysql.jdbc.exceptions.jdbc4.MySQLIntegrityConstraintViolationException: Column 'nameClass' cannot be null
affablebean-spring-tutorial-master/dminconsolecontroller NÃO FOI INCLUSO
allbinary-platform-master/osgisericeinterfce erro SQLcom.mysql.jdbc.exceptions.jdbc4.MySQLIntegrityConstraintViolationException: Column 'nameMethod' cannot be null
allbinary-platform-master/osgisericeinterfce erro SQLcom.mysql.jdbc.exceptions.jdbc4.MySQLNonTransientConnectionException: Can't call rollback when autocommit=true
affablebean-spring-tutorial-master/dminconsolecontroller erro SQLcom.mysql.jdbc.exceptions.jdbc4.MySQLIntegrityConstraintViolationException: Column 'nameAttribute' cannot be null
affablebean-spring-tutorial-master/dminconsolecontroller erro SQLcom.mysql.jdbc.exceptions.jdbc4.MySQLIntegrityConstraintViolationException: Column 'nameAttribute' cannot be null
affablebean-spring-tutorial-master/frontstorecontroller erro SQLcom.mysql.jdbc.exceptions.jdbc4.MySQLIntegrityConstraintViolationException: Column 'nameAttribute' cannot be null
affablebean-spring-tutorial-master/frontstorecontroller erro SQLcom.mysql.jdbc.exceptions.jdbc4.MySQLIntegrityConstraintViolationException: Column 'nameAttribute' cannot be null
affablebean-spring-tutorial-master/ctegory erro SQLcom.mysql.jdbc.exceptions.jdbc4.MySQLIntegrityConstraintViolationException: Column 'nameAttribute' cannot be null
affablebean-spring-tutorial-master/ctegory erro SQLcom.mysql.jdbc.exceptions.jdbc4.MySQLIntegrityConstraintViolationException: Column 'nameAttribute' cannot be null
affablebean-spring-tutorial-master/customer erro SQLcom.mysql.jdbc.exceptions.jdbc4.MySQLIntegrityConstraintViolationException: Column 'nameAttribute' cannot be null
affablebean-spring-tutorial-master/customer erro SQLcom.mysql.jdbc.exceptions.jdbc4.MySQLIntegrityConstraintViolationException: Column 'nameAttribute' cannot be null
affablebean-spring-tutorial-master/customerorder erro SQLcom.mysql.jdbc.exceptions.jdbc4.MySQLIntegrityConstraintViolationException: Column 'nameAttribute' cannot be null
affablebean-spring-tutorial-master/customerorder erro SQLcom.mysql.jdbc.exceptions.jdbc4.MySQLIntegrityConstraintViolationException: Column 'nameAttribute' cannot be null
affablebean-spring-tutorial-master/member erro SQLcom.mysql.jdbc.exceptions.jdbc4.MySQLIntegrityConstraintViolationException: Column 'nameAttribute' cannot be null
affablebean-spring-tutorial-master/member erro SQLcom.mysql.jdbc.exceptions.jdbc4.MySQLIntegrityConstraintViolationException: Column 'nameAttribute' cannot be null
affablebean-spring-tutorial-master/orderedproduct erro SQLcom.mysql.jdbc.exceptions.jdbc4.MySQLIntegrityConstraintViolationException: Column 'nameAttribute' cannot be null
affablebean-spring-tutorial-master/orderedproduct erro SQLcom.mysql.jdbc.exceptions.jdbc4.MySQLIntegrityConstraintViolationException: Column 'nameAttribute' cannot be null
affablebean-spring-tutorial-master/orderedproductid erro SQLcom.mysql.jdbc.exceptions.jdbc4.MySQLIntegrityConstraintViolationException: Column 'nameAttribute' cannot be null
affablebean-spring-tutorial-master/orderedproductid erro SQLcom.mysql.jdbc.exceptions.jdbc4.MySQLIntegrityConstraintViolationException: Column 'nameAttribute' cannot be null
affablebean-spring-tutorial-master/product erro SQLcom.mysql.jdbc.exceptions.jdbc4.MySQLIntegrityConstraintViolationException: Column 'nameAttribute' cannot be null
affablebean-spring-tutorial-master/product erro SQLcom.mysql.jdbc.exceptions.jdbc4.MySQLIntegrityConstraintViolationException: Column 'nameAttribute' cannot be null
affablebean-spring-tutorial-master/role erro SQLcom.mysql.jdbc.exceptions.jdbc4.MySQLIntegrityConstraintViolationException: Column 'nameAttribute' cannot be null
affablebean-spring-tutorial-master/role erro SQLcom.mysql.jdbc.exceptions.jdbc4.MySQLIntegrityConstraintViolationException: Column 'nameAttribute' cannot be null
affablebean-spring-tutorial-master/ctegorydo erro SQLcom.mysql.jdbc.exceptions.jdbc4.MySQLIntegrityConstraintViolationException: Column 'nameAttribute' cannot be null
affablebean-spring-tutorial-master/ctegorydo erro SQLcom.mysql.jdbc.exceptions.jdbc4.MySQLIntegrityConstraintViolationException: Column 'nameAttribute' cannot be null
affablebean-spring-tutorial-master/customerdo erro SQLcom.mysql.jdbc.exceptions.jdbc4.MySQLIntegrityConstraintViolationException: Column 'nameAttribute' cannot be null
affablebean-spring-tutorial-master/customerdo erro SQLcom.mysql.jdbc.exceptions.jdbc4.MySQLIntegrityConstraintViolationException: Column 'nameAttribute' cannot be null
